语法
screen [-AmRvx -ls -wipe][-d <作业名称>][-h <行数>][-r <作业名称>][-s ][-S <作业名称>]
参数说明
-A 　将所有的视窗都调整为目前终端机的大小。
-d <作业名称> 　将指定的screen作业离线。
-h <行数> 　指定视窗的缓冲区行数。
-m 　即使目前已在作业中的screen作业，仍强制建立新的screen作业。
-r <作业名称> 　恢复离线的screen作业。
-R 　先试图恢复离线的作业。若找不到离线的作业，即建立新的screen作业。
-s 　指定建立新视窗时，所要执行的shell。
-S <作业名称> 　指定screen作业的名称。
-v 　显示版本信息。
-x 　恢复之前离线的screen作业。
-ls或--list 　显示目前所有的screen作业。
-wipe 　检查目前所有的screen作业，并删除已经无法使用的screen作业。


创建一个断开模式的会话
screen -dmS sessionName

记录日志
screen -dmSL sessionName

Ctrl+a d  将当前任务放到后台执行


杀死一个已经detached的screen会话
[root@localhost ~]# screen -ls
There are screens on:
        9975.pts-0.localhost    (Detached)
        4588.pts-3.localhost    (Detached)
2 Sockets in /var/run/screen/S-root.

[root@localhost ~]# screen -X -S 4588 quit
[root@localhost ~]# screen -ls
There is a screen on:
        9975.pts-0.localhost    (Detached)
1 Socket in /var/run/screen/S-root.