<?php
//创建websocket服务器对象，监听0.0.0.0:9502端口
$ws = new swoole_websocket_server("0.0.0.0", 9502);

$ws->set(array(
  'task_worker_num' => 4
));

//监听WebSocket连接打开事件
$ws->on('open', function ($ws, $request) {});

//监听WebSocket消息事件
$ws->on('message', function ($ws, $frame) {
  $ws->task($frame->data);
});

$ws->on('task',function($ws, $task_id, $from_id, $data){
  foreach($ws->connections as $fd) {
    $ws->push($fd, $data);
  }
});

//监听WebSocket连接关闭事件
$ws->on('close', function ($ws, $fd) {
  echo "client-{$fd} is closed\n";
});

$ws->on('Finish', function ($serv, $task_id, $data) {
  echo "AsyncTask[$task_id] Finish: $data".PHP_EOL;
});

$ws->start();